running egg_info
writing ../build/ackerman/ackerman.egg-info/PKG-INFO
writing dependency_links to ../build/ackerman/ackerman.egg-info/dependency_links.txt
writing entry points to ../build/ackerman/ackerman.egg-info/entry_points.txt
writing requirements to ../build/ackerman/ackerman.egg-info/requires.txt
writing top-level names to ../build/ackerman/ackerman.egg-info/top_level.txt
reading manifest file '../build/ackerman/ackerman.egg-info/SOURCES.txt'
writing manifest file '../build/ackerman/ackerman.egg-info/SOURCES.txt'
running build
running build_py
running install
running install_lib
running install_data
creating /home/will/AckermanProject/install/ackerman/share/ackerman/launch
copying launch/visualization_gazebo.launch.py -> /home/will/AckermanProject/install/ackerman/share/ackerman/launch/
copying launch/visualization_rviz.launch.py -> /home/will/AckermanProject/install/ackerman/share/ackerman/launch/
running install_egg_info
removing '/home/will/AckermanProject/install/ackerman/lib/python3.10/site-packages/ackerman-0.0.0-py3.10.egg-info' (and everything under it)
Copying ../build/ackerman/ackerman.egg-info to /home/will/AckermanProject/install/ackerman/lib/python3.10/site-packages/ackerman-0.0.0-py3.10.egg-info
running install_scripts
writing list of installed files to '/home/will/AckermanProject/build/ackerman/install.log'
