[1.116s] Invoking command in '/home/will/AckermanProject/ackerman': PYTHONPATH=/home/will/AckermanProject/build/ackerman/prefix_override:/home/will/AckermanProject/install/ackerman/lib/python3.10/site-packages:${PYTHONPATH} /usr/bin/python3 -W ignore:setup.py install is deprecated setup.py egg_info --egg-base ../build/ackerman build --build-base /home/will/AckermanProject/build/ackerman/build install --record /home/will/AckermanProject/build/ackerman/install.log --single-version-externally-managed install_data
[1.321s] running egg_info
[1.322s] writing ../build/ackerman/ackerman.egg-info/PKG-INFO
[1.322s] writing dependency_links to ../build/ackerman/ackerman.egg-info/dependency_links.txt
[1.322s] writing entry points to ../build/ackerman/ackerman.egg-info/entry_points.txt
[1.322s] writing requirements to ../build/ackerman/ackerman.egg-info/requires.txt
[1.322s] writing top-level names to ../build/ackerman/ackerman.egg-info/top_level.txt
[1.325s] reading manifest file '../build/ackerman/ackerman.egg-info/SOURCES.txt'
[1.326s] writing manifest file '../build/ackerman/ackerman.egg-info/SOURCES.txt'
[1.326s] running build
[1.326s] running build_py
[1.326s] running install
[1.327s] running install_lib
[1.328s] running install_data
[1.328s] copying launch/visualization_gazebo.launch.py -> /home/will/AckermanProject/install/ackerman/share/ackerman/launch/
[1.328s] copying launch/visualization_rviz.launch.py -> /home/will/AckermanProject/install/ackerman/share/ackerman/launch/
[1.329s] running install_egg_info
[1.331s] removing '/home/will/AckermanProject/install/ackerman/lib/python3.10/site-packages/ackerman-0.0.0-py3.10.egg-info' (and everything under it)
[1.332s] Copying ../build/ackerman/ackerman.egg-info to /home/will/AckermanProject/install/ackerman/lib/python3.10/site-packages/ackerman-0.0.0-py3.10.egg-info
[1.334s] running install_scripts
[1.355s] writing list of installed files to '/home/will/AckermanProject/build/ackerman/install.log'
[1.381s] Invoked command in '/home/will/AckermanProject/ackerman' returned '0': PYTHONPATH=/home/will/AckermanProject/build/ackerman/prefix_override:/home/will/AckermanProject/install/ackerman/lib/python3.10/site-packages:${PYTHONPATH} /usr/bin/python3 -W ignore:setup.py install is deprecated setup.py egg_info --egg-base ../build/ackerman build --build-base /home/will/AckermanProject/build/ackerman/build install --record /home/will/AckermanProject/build/ackerman/install.log --single-version-externally-managed install_data
