running egg_info
creating ../build/ackerman/ackerman.egg-info
writing ../build/ackerman/ackerman.egg-info/PKG-INFO
writing dependency_links to ../build/ackerman/ackerman.egg-info/dependency_links.txt
writing entry points to ../build/ackerman/ackerman.egg-info/entry_points.txt
writing requirements to ../build/ackerman/ackerman.egg-info/requires.txt
writing top-level names to ../build/ackerman/ackerman.egg-info/top_level.txt
writing manifest file '../build/ackerman/ackerman.egg-info/SOURCES.txt'
reading manifest file '../build/ackerman/ackerman.egg-info/SOURCES.txt'
writing manifest file '../build/ackerman/ackerman.egg-info/SOURCES.txt'
running build
running build_py
creating /home/will/AckermanProject/build/ackerman/build
creating /home/will/AckermanProject/build/ackerman/build/lib
creating /home/will/AckermanProject/build/ackerman/build/lib/ackerman
copying ackerman/__init__.py -> /home/will/AckermanProject/build/ackerman/build/lib/ackerman
running install
running install_lib
creating /home/will/AckermanProject/install/ackerman/lib/python3.10/site-packages/ackerman
copying /home/will/AckermanProject/build/ackerman/build/lib/ackerman/__init__.py -> /home/will/AckermanProject/install/ackerman/lib/python3.10/site-packages/ackerman
byte-compiling /home/will/AckermanProject/install/ackerman/lib/python3.10/site-packages/ackerman/__init__.py to __init__.cpython-310.pyc
running install_data
creating /home/will/AckermanProject/install/ackerman/share/ament_index
creating /home/will/AckermanProject/install/ackerman/share/ament_index/resource_index
creating /home/will/AckermanProject/install/ackerman/share/ament_index/resource_index/packages
copying resource/ackerman -> /home/will/AckermanProject/install/ackerman/share/ament_index/resource_index/packages
copying package.xml -> /home/will/AckermanProject/install/ackerman/share/ackerman
running install_egg_info
Copying ../build/ackerman/ackerman.egg-info to /home/will/AckermanProject/install/ackerman/lib/python3.10/site-packages/ackerman-0.0.0-py3.10.egg-info
running install_scripts
writing list of installed files to '/home/will/AckermanProject/build/ackerman/install.log'
