[0.121s] DEBUG:colcon:Command line arguments: ['/usr/bin/colcon', 'build']
[0.121s] DEBUG:colcon:Parsed command line arguments: Namespace(log_base=None, log_level=None, verb_name='build', build_base='build', install_base='install', merge_install=False, symlink_install=False, test_result_base=None, continue_on_error=False, executor='parallel', parallel_workers=12, event_handlers=None, ignore_user_meta=False, metas=['./colcon.meta'], base_paths=['.'], packages_ignore=None, packages_ignore_regex=None, paths=None, packages_up_to=None, packages_up_to_regex=None, packages_above=None, packages_above_and_dependencies=None, packages_above_depth=None, packages_select_by_dep=None, packages_skip_by_dep=None, packages_skip_up_to=None, packages_select_build_failed=False, packages_skip_build_finished=False, packages_select_test_failures=False, packages_skip_test_passed=False, packages_select=None, packages_skip=None, packages_select_regex=None, packages_skip_regex=None, packages_start=None, packages_end=None, allow_overriding=[], cmake_args=None, cmake_target=None, cmake_target_skip_unavailable=False, cmake_clean_cache=False, cmake_clean_first=False, cmake_force_configure=False, ament_cmake_args=None, catkin_cmake_args=None, catkin_skip_building_tests=False, mixin_files=None, mixin=None, verb_parser=<colcon_mixin.mixin.mixin_argument.MixinArgumentDecorator object at 0x7f68d0465180>, verb_extension=<colcon_core.verb.build.BuildVerb object at 0x7f68d0464be0>, main=<bound method BuildVerb.main of <colcon_core.verb.build.BuildVerb object at 0x7f68d0464be0>>, mixin_verb=('build',))
[0.234s] Level 1:colcon.colcon_core.package_discovery:discover_packages(colcon_meta) check parameters
[0.234s] Level 1:colcon.colcon_core.package_discovery:discover_packages(recursive) check parameters
[0.234s] Level 1:colcon.colcon_core.package_discovery:discover_packages(ignore) check parameters
[0.234s] Level 1:colcon.colcon_core.package_discovery:discover_packages(path) check parameters
[0.234s] Level 1:colcon.colcon_core.package_discovery:discover_packages(colcon_meta) discover
[0.234s] Level 1:colcon.colcon_core.package_discovery:discover_packages(recursive) discover
[0.234s] INFO:colcon.colcon_core.package_discovery:Crawling recursively for packages in '/home/will/AckermanProject'
[0.234s] Level 1:colcon.colcon_core.package_identification:_identify(.) by extensions ['ignore', 'ignore_ament_install']
[0.234s] Level 1:colcon.colcon_core.package_identification:_identify(.) by extension 'ignore'
[0.234s] Level 1:colcon.colcon_core.package_identification:_identify(.) by extension 'ignore_ament_install'
[0.234s] Level 1:colcon.colcon_core.package_identification:_identify(.) by extensions ['colcon_pkg']
[0.234s] Level 1:colcon.colcon_core.package_identification:_identify(.) by extension 'colcon_pkg'
[0.234s] Level 1:colcon.colcon_core.package_identification:_identify(.) by extensions ['colcon_meta']
[0.234s] Level 1:colcon.colcon_core.package_identification:_identify(.) by extension 'colcon_meta'
[0.235s] Level 1:colcon.colcon_core.package_identification:_identify(.) by extensions ['ros']
[0.235s] Level 1:colcon.colcon_core.package_identification:_identify(.) by extension 'ros'
[0.244s] Level 1:colcon.colcon_core.package_identification:_identify(.) by extensions ['cmake', 'python']
[0.244s] Level 1:colcon.colcon_core.package_identification:_identify(.) by extension 'cmake'
[0.244s] Level 1:colcon.colcon_core.package_identification:_identify(.) by extension 'python'
[0.244s] Level 1:colcon.colcon_core.package_identification:_identify(.) by extensions ['python_setup_py']
[0.244s] Level 1:colcon.colcon_core.package_identification:_identify(.) by extension 'python_setup_py'
[0.244s] Level 1:colcon.colcon_core.package_identification:_identify(ackerman) by extensions ['ignore', 'ignore_ament_install']
[0.244s] Level 1:colcon.colcon_core.package_identification:_identify(ackerman) by extension 'ignore'
[0.244s] Level 1:colcon.colcon_core.package_identification:_identify(ackerman) by extension 'ignore_ament_install'
[0.244s] Level 1:colcon.colcon_core.package_identification:_identify(ackerman) by extensions ['colcon_pkg']
[0.244s] Level 1:colcon.colcon_core.package_identification:_identify(ackerman) by extension 'colcon_pkg'
[0.244s] Level 1:colcon.colcon_core.package_identification:_identify(ackerman) by extensions ['colcon_meta']
[0.244s] Level 1:colcon.colcon_core.package_identification:_identify(ackerman) by extension 'colcon_meta'
[0.244s] Level 1:colcon.colcon_core.package_identification:_identify(ackerman) by extensions ['ros']
[0.244s] Level 1:colcon.colcon_core.package_identification:_identify(ackerman) by extension 'ros'
[0.247s] DEBUG:colcon.colcon_core.package_identification:Package 'ackerman' with type 'ros.ament_python' and name 'ackerman'
[0.247s] Level 1:colcon.colcon_core.package_identification:_identify(build) by extensions ['ignore', 'ignore_ament_install']
[0.247s] Level 1:colcon.colcon_core.package_identification:_identify(build) by extension 'ignore'
[0.247s] Level 1:colcon.colcon_core.package_identification:_identify(build) ignored
[0.247s] Level 1:colcon.colcon_core.package_identification:_identify(images) by extensions ['ignore', 'ignore_ament_install']
[0.247s] Level 1:colcon.colcon_core.package_identification:_identify(images) by extension 'ignore'
[0.247s] Level 1:colcon.colcon_core.package_identification:_identify(images) by extension 'ignore_ament_install'
[0.247s] Level 1:colcon.colcon_core.package_identification:_identify(images) by extensions ['colcon_pkg']
[0.247s] Level 1:colcon.colcon_core.package_identification:_identify(images) by extension 'colcon_pkg'
[0.247s] Level 1:colcon.colcon_core.package_identification:_identify(images) by extensions ['colcon_meta']
[0.247s] Level 1:colcon.colcon_core.package_identification:_identify(images) by extension 'colcon_meta'
[0.247s] Level 1:colcon.colcon_core.package_identification:_identify(images) by extensions ['ros']
[0.247s] Level 1:colcon.colcon_core.package_identification:_identify(images) by extension 'ros'
[0.247s] Level 1:colcon.colcon_core.package_identification:_identify(images) by extensions ['cmake', 'python']
[0.247s] Level 1:colcon.colcon_core.package_identification:_identify(images) by extension 'cmake'
[0.247s] Level 1:colcon.colcon_core.package_identification:_identify(images) by extension 'python'
[0.247s] Level 1:colcon.colcon_core.package_identification:_identify(images) by extensions ['python_setup_py']
[0.247s] Level 1:colcon.colcon_core.package_identification:_identify(images) by extension 'python_setup_py'
[0.248s] Level 1:colcon.colcon_core.package_identification:_identify(install) by extensions ['ignore', 'ignore_ament_install']
[0.248s] Level 1:colcon.colcon_core.package_identification:_identify(install) by extension 'ignore'
[0.248s] Level 1:colcon.colcon_core.package_identification:_identify(install) ignored
[0.248s] Level 1:colcon.colcon_core.package_identification:_identify(log) by extensions ['ignore', 'ignore_ament_install']
[0.248s] Level 1:colcon.colcon_core.package_identification:_identify(log) by extension 'ignore'
[0.248s] Level 1:colcon.colcon_core.package_identification:_identify(log) ignored
[0.248s] Level 1:colcon.colcon_core.package_identification:_identify(rviz_config) by extensions ['ignore', 'ignore_ament_install']
[0.248s] Level 1:colcon.colcon_core.package_identification:_identify(rviz_config) by extension 'ignore'
[0.248s] Level 1:colcon.colcon_core.package_identification:_identify(rviz_config) by extension 'ignore_ament_install'
[0.248s] Level 1:colcon.colcon_core.package_identification:_identify(rviz_config) by extensions ['colcon_pkg']
[0.248s] Level 1:colcon.colcon_core.package_identification:_identify(rviz_config) by extension 'colcon_pkg'
[0.248s] Level 1:colcon.colcon_core.package_identification:_identify(rviz_config) by extensions ['colcon_meta']
[0.248s] Level 1:colcon.colcon_core.package_identification:_identify(rviz_config) by extension 'colcon_meta'
[0.248s] Level 1:colcon.colcon_core.package_identification:_identify(rviz_config) by extensions ['ros']
[0.248s] Level 1:colcon.colcon_core.package_identification:_identify(rviz_config) by extension 'ros'
[0.248s] Level 1:colcon.colcon_core.package_identification:_identify(rviz_config) by extensions ['cmake', 'python']
[0.248s] Level 1:colcon.colcon_core.package_identification:_identify(rviz_config) by extension 'cmake'
[0.248s] Level 1:colcon.colcon_core.package_identification:_identify(rviz_config) by extension 'python'
[0.248s] Level 1:colcon.colcon_core.package_identification:_identify(rviz_config) by extensions ['python_setup_py']
[0.248s] Level 1:colcon.colcon_core.package_identification:_identify(rviz_config) by extension 'python_setup_py'
[0.249s] Level 1:colcon.colcon_core.package_identification:_identify(urdf) by extensions ['ignore', 'ignore_ament_install']
[0.249s] Level 1:colcon.colcon_core.package_identification:_identify(urdf) by extension 'ignore'
[0.249s] Level 1:colcon.colcon_core.package_identification:_identify(urdf) by extension 'ignore_ament_install'
[0.249s] Level 1:colcon.colcon_core.package_identification:_identify(urdf) by extensions ['colcon_pkg']
[0.249s] Level 1:colcon.colcon_core.package_identification:_identify(urdf) by extension 'colcon_pkg'
[0.249s] Level 1:colcon.colcon_core.package_identification:_identify(urdf) by extensions ['colcon_meta']
[0.249s] Level 1:colcon.colcon_core.package_identification:_identify(urdf) by extension 'colcon_meta'
[0.249s] Level 1:colcon.colcon_core.package_identification:_identify(urdf) by extensions ['ros']
[0.249s] Level 1:colcon.colcon_core.package_identification:_identify(urdf) by extension 'ros'
[0.249s] Level 1:colcon.colcon_core.package_identification:_identify(urdf) by extensions ['cmake', 'python']
[0.249s] Level 1:colcon.colcon_core.package_identification:_identify(urdf) by extension 'cmake'
[0.249s] Level 1:colcon.colcon_core.package_identification:_identify(urdf) by extension 'python'
[0.249s] Level 1:colcon.colcon_core.package_identification:_identify(urdf) by extensions ['python_setup_py']
[0.249s] Level 1:colcon.colcon_core.package_identification:_identify(urdf) by extension 'python_setup_py'
[0.249s] Level 1:colcon.colcon_core.package_identification:_identify(worlds) by extensions ['ignore', 'ignore_ament_install']
[0.249s] Level 1:colcon.colcon_core.package_identification:_identify(worlds) by extension 'ignore'
[0.249s] Level 1:colcon.colcon_core.package_identification:_identify(worlds) by extension 'ignore_ament_install'
[0.249s] Level 1:colcon.colcon_core.package_identification:_identify(worlds) by extensions ['colcon_pkg']
[0.249s] Level 1:colcon.colcon_core.package_identification:_identify(worlds) by extension 'colcon_pkg'
[0.249s] Level 1:colcon.colcon_core.package_identification:_identify(worlds) by extensions ['colcon_meta']
[0.249s] Level 1:colcon.colcon_core.package_identification:_identify(worlds) by extension 'colcon_meta'
[0.249s] Level 1:colcon.colcon_core.package_identification:_identify(worlds) by extensions ['ros']
[0.249s] Level 1:colcon.colcon_core.package_identification:_identify(worlds) by extension 'ros'
[0.249s] Level 1:colcon.colcon_core.package_identification:_identify(worlds) by extensions ['cmake', 'python']
[0.249s] Level 1:colcon.colcon_core.package_identification:_identify(worlds) by extension 'cmake'
[0.250s] Level 1:colcon.colcon_core.package_identification:_identify(worlds) by extension 'python'
[0.250s] Level 1:colcon.colcon_core.package_identification:_identify(worlds) by extensions ['python_setup_py']
[0.250s] Level 1:colcon.colcon_core.package_identification:_identify(worlds) by extension 'python_setup_py'
[0.250s] Level 1:colcon.colcon_core.package_identification:_identify(xacro) by extensions ['ignore', 'ignore_ament_install']
[0.250s] Level 1:colcon.colcon_core.package_identification:_identify(xacro) by extension 'ignore'
[0.250s] Level 1:colcon.colcon_core.package_identification:_identify(xacro) by extension 'ignore_ament_install'
[0.250s] Level 1:colcon.colcon_core.package_identification:_identify(xacro) by extensions ['colcon_pkg']
[0.250s] Level 1:colcon.colcon_core.package_identification:_identify(xacro) by extension 'colcon_pkg'
[0.250s] Level 1:colcon.colcon_core.package_identification:_identify(xacro) by extensions ['colcon_meta']
[0.250s] Level 1:colcon.colcon_core.package_identification:_identify(xacro) by extension 'colcon_meta'
[0.250s] Level 1:colcon.colcon_core.package_identification:_identify(xacro) by extensions ['ros']
[0.250s] Level 1:colcon.colcon_core.package_identification:_identify(xacro) by extension 'ros'
[0.250s] Level 1:colcon.colcon_core.package_identification:_identify(xacro) by extensions ['cmake', 'python']
[0.250s] Level 1:colcon.colcon_core.package_identification:_identify(xacro) by extension 'cmake'
[0.250s] Level 1:colcon.colcon_core.package_identification:_identify(xacro) by extension 'python'
[0.250s] Level 1:colcon.colcon_core.package_identification:_identify(xacro) by extensions ['python_setup_py']
[0.250s] Level 1:colcon.colcon_core.package_identification:_identify(xacro) by extension 'python_setup_py'
[0.250s] Level 1:colcon.colcon_core.package_discovery:discover_packages(recursive) using defaults
[0.250s] Level 1:colcon.colcon_core.package_discovery:discover_packages(ignore) discover
[0.250s] Level 1:colcon.colcon_core.package_discovery:discover_packages(ignore) using defaults
[0.250s] Level 1:colcon.colcon_core.package_discovery:discover_packages(path) discover
[0.250s] Level 1:colcon.colcon_core.package_discovery:discover_packages(path) using defaults
[0.264s] Level 1:colcon.colcon_core.package_discovery:discover_packages(prefix_path) check parameters
[0.264s] Level 1:colcon.colcon_core.package_discovery:discover_packages(prefix_path) discover
[0.266s] DEBUG:colcon.colcon_installed_package_information.package_discovery:Found 1 installed packages in /home/will/AckermanProject/install
[0.267s] DEBUG:colcon.colcon_installed_package_information.package_discovery:Found 293 installed packages in /opt/ros/iron
[0.275s] Level 1:colcon.colcon_core.package_discovery:discover_packages(prefix_path) using defaults
[0.302s] Level 5:colcon.colcon_core.verb:set package 'ackerman' build argument 'cmake_args' from command line to 'None'
[0.302s] Level 5:colcon.colcon_core.verb:set package 'ackerman' build argument 'cmake_target' from command line to 'None'
[0.302s] Level 5:colcon.colcon_core.verb:set package 'ackerman' build argument 'cmake_target_skip_unavailable' from command line to 'False'
[0.302s] Level 5:colcon.colcon_core.verb:set package 'ackerman' build argument 'cmake_clean_cache' from command line to 'False'
[0.302s] Level 5:colcon.colcon_core.verb:set package 'ackerman' build argument 'cmake_clean_first' from command line to 'False'
[0.302s] Level 5:colcon.colcon_core.verb:set package 'ackerman' build argument 'cmake_force_configure' from command line to 'False'
[0.302s] Level 5:colcon.colcon_core.verb:set package 'ackerman' build argument 'ament_cmake_args' from command line to 'None'
[0.302s] Level 5:colcon.colcon_core.verb:set package 'ackerman' build argument 'catkin_cmake_args' from command line to 'None'
[0.302s] Level 5:colcon.colcon_core.verb:set package 'ackerman' build argument 'catkin_skip_building_tests' from command line to 'False'
[0.303s] DEBUG:colcon.colcon_core.verb:Building package 'ackerman' with the following arguments: {'ament_cmake_args': None, 'build_base': '/home/will/AckermanProject/build/ackerman', 'catkin_cmake_args': None, 'catkin_skip_building_tests': False, 'cmake_args': None, 'cmake_clean_cache': False, 'cmake_clean_first': False, 'cmake_force_configure': False, 'cmake_target': None, 'cmake_target_skip_unavailable': False, 'install_base': '/home/will/AckermanProject/install/ackerman', 'merge_install': False, 'path': '/home/will/AckermanProject/ackerman', 'symlink_install': False, 'test_result_base': None}
[0.303s] INFO:colcon.colcon_core.executor:Executing jobs using 'parallel' executor
[0.303s] DEBUG:colcon.colcon_parallel_executor.executor.parallel:run_until_complete
[0.304s] INFO:colcon.colcon_ros.task.ament_python.build:Building ROS package in '/home/will/AckermanProject/ackerman' with build type 'ament_python'
[0.304s] Level 1:colcon.colcon_core.shell:create_environment_hook('ackerman', 'ament_prefix_path')
[0.306s] INFO:colcon.colcon_core.plugin_system:Skipping extension 'colcon_core.shell.bat': Not used on non-Windows systems
[0.307s] INFO:colcon.colcon_core.shell:Creating environment hook '/home/will/AckermanProject/install/ackerman/share/ackerman/hook/ament_prefix_path.ps1'
[0.308s] INFO:colcon.colcon_core.shell:Creating environment descriptor '/home/will/AckermanProject/install/ackerman/share/ackerman/hook/ament_prefix_path.dsv'
[0.308s] INFO:colcon.colcon_core.shell:Creating environment hook '/home/will/AckermanProject/install/ackerman/share/ackerman/hook/ament_prefix_path.sh'
[0.309s] INFO:colcon.colcon_core.shell:Skip shell extension 'powershell' for command environment: Not usable outside of PowerShell
[0.309s] DEBUG:colcon.colcon_core.shell:Skip shell extension 'dsv' for command environment
[0.490s] INFO:colcon.colcon_core.task.python.build:Building Python package in '/home/will/AckermanProject/ackerman'
[0.491s] INFO:colcon.colcon_core.shell:Skip shell extension 'powershell' for command environment: Not usable outside of PowerShell
[0.491s] DEBUG:colcon.colcon_core.shell:Skip shell extension 'dsv' for command environment
[0.755s] DEBUG:colcon.colcon_core.event_handler.log_command:Invoking command in '/home/will/AckermanProject/ackerman': PYTHONPATH=/home/will/AckermanProject/build/ackerman/prefix_override:/home/will/AckermanProject/install/ackerman/lib/python3.10/site-packages:${PYTHONPATH} /usr/bin/python3 -W ignore:setup.py install is deprecated setup.py egg_info --egg-base ../build/ackerman build --build-base /home/will/AckermanProject/build/ackerman/build install --record /home/will/AckermanProject/build/ackerman/install.log --single-version-externally-managed install_data
[0.955s] DEBUG:colcon.colcon_core.event_handler.log_command:Invoked command in '/home/will/AckermanProject/ackerman' returned '0': PYTHONPATH=/home/will/AckermanProject/build/ackerman/prefix_override:/home/will/AckermanProject/install/ackerman/lib/python3.10/site-packages:${PYTHONPATH} /usr/bin/python3 -W ignore:setup.py install is deprecated setup.py egg_info --egg-base ../build/ackerman build --build-base /home/will/AckermanProject/build/ackerman/build install --record /home/will/AckermanProject/build/ackerman/install.log --single-version-externally-managed install_data
[0.957s] Level 1:colcon.colcon_core.environment:checking '/home/will/AckermanProject/install/ackerman' for CMake module files
[0.957s] Level 1:colcon.colcon_core.environment:checking '/home/will/AckermanProject/install/ackerman' for CMake config files
[0.958s] Level 1:colcon.colcon_core.environment:checking '/home/will/AckermanProject/install/ackerman/lib'
[0.958s] Level 1:colcon.colcon_core.environment:checking '/home/will/AckermanProject/install/ackerman/bin'
[0.958s] Level 1:colcon.colcon_core.environment:checking '/home/will/AckermanProject/install/ackerman/lib/pkgconfig/ackerman.pc'
[0.958s] Level 1:colcon.colcon_core.environment:checking '/home/will/AckermanProject/install/ackerman/lib/python3.10/site-packages'
[0.958s] Level 1:colcon.colcon_core.shell:create_environment_hook('ackerman', 'pythonpath')
[0.958s] INFO:colcon.colcon_core.shell:Creating environment hook '/home/will/AckermanProject/install/ackerman/share/ackerman/hook/pythonpath.ps1'
[0.959s] INFO:colcon.colcon_core.shell:Creating environment descriptor '/home/will/AckermanProject/install/ackerman/share/ackerman/hook/pythonpath.dsv'
[0.959s] INFO:colcon.colcon_core.shell:Creating environment hook '/home/will/AckermanProject/install/ackerman/share/ackerman/hook/pythonpath.sh'
[0.960s] Level 1:colcon.colcon_core.environment:checking '/home/will/AckermanProject/install/ackerman/bin'
[0.960s] Level 1:colcon.colcon_core.environment:create_environment_scripts_only(ackerman)
[0.960s] INFO:colcon.colcon_core.shell:Creating package script '/home/will/AckermanProject/install/ackerman/share/ackerman/package.ps1'
[0.960s] INFO:colcon.colcon_core.shell:Creating package descriptor '/home/will/AckermanProject/install/ackerman/share/ackerman/package.dsv'
[0.961s] INFO:colcon.colcon_core.shell:Creating package script '/home/will/AckermanProject/install/ackerman/share/ackerman/package.sh'
[0.961s] INFO:colcon.colcon_core.shell:Creating package script '/home/will/AckermanProject/install/ackerman/share/ackerman/package.bash'
[0.962s] INFO:colcon.colcon_core.shell:Creating package script '/home/will/AckermanProject/install/ackerman/share/ackerman/package.zsh'
[0.962s] Level 1:colcon.colcon_core.environment:create_file_with_runtime_dependencies(/home/will/AckermanProject/install/ackerman/share/colcon-core/packages/ackerman)
[0.963s] DEBUG:colcon.colcon_parallel_executor.executor.parallel:closing loop
[0.964s] DEBUG:colcon.colcon_parallel_executor.executor.parallel:loop closed
[0.964s] DEBUG:colcon.colcon_parallel_executor.executor.parallel:run_until_complete finished with '0'
[0.964s] DEBUG:colcon.colcon_core.event_reactor:joining thread
[1.009s] INFO:colcon.colcon_core.plugin_system:Skipping extension 'colcon_notification.desktop_notification.notify_send': Could not find 'notify-send'
[1.009s] INFO:colcon.colcon_core.plugin_system:Skipping extension 'colcon_notification.desktop_notification.terminal_notifier': Not used on non-Darwin systems
[1.009s] INFO:colcon.colcon_core.plugin_system:Skipping extension 'colcon_notification.desktop_notification.win32': Not used on non-Windows systems
[1.010s] INFO:colcon.colcon_notification.desktop_notification:Sending desktop notification using 'notify2'
[1.010s] DEBUG:colcon.colcon_notification.desktop_notification.notify2:Failed to initialize notify2: org.freedesktop.DBus.Error.FileNotFound: Failed to connect to socket /run/user/1000/bus: No such file or directory
[1.010s] DEBUG:colcon.colcon_core.event_reactor:joined thread
[1.010s] INFO:colcon.colcon_core.shell:Creating prefix script '/home/will/AckermanProject/install/local_setup.ps1'
[1.011s] INFO:colcon.colcon_core.shell:Creating prefix util module '/home/will/AckermanProject/install/_local_setup_util_ps1.py'
[1.012s] INFO:colcon.colcon_core.shell:Creating prefix chain script '/home/will/AckermanProject/install/setup.ps1'
[1.013s] INFO:colcon.colcon_core.shell:Creating prefix script '/home/will/AckermanProject/install/local_setup.sh'
[1.013s] INFO:colcon.colcon_core.shell:Creating prefix util module '/home/will/AckermanProject/install/_local_setup_util_sh.py'
[1.014s] INFO:colcon.colcon_core.shell:Creating prefix chain script '/home/will/AckermanProject/install/setup.sh'
[1.014s] INFO:colcon.colcon_core.shell:Creating prefix script '/home/will/AckermanProject/install/local_setup.bash'
[1.015s] INFO:colcon.colcon_core.shell:Creating prefix chain script '/home/will/AckermanProject/install/setup.bash'
[1.016s] INFO:colcon.colcon_core.shell:Creating prefix script '/home/will/AckermanProject/install/local_setup.zsh'
[1.016s] INFO:colcon.colcon_core.shell:Creating prefix chain script '/home/will/AckermanProject/install/setup.zsh'
